<?xml version="1.0" encoding="UTF-8"?>
<!-- Generated by org.testng.reporters.JUnitXMLReporter -->
<testsuite ignored="1" hostname="devika" failures="0" tests="3" name="EdgeTest" time="49.738" errors="0" timestamp="2026-06-12T09:45:05 IST">
  <testcase classname="com.orangehrm.test.LoginPageTest" name="invalidLoginTest" time="3.143"/>
  <testcase classname="com.orangehrm.test.LoginPageTest" name="verifyValidLoginTest" time="8.518"/>
  <testcase classname="com.orangehrm.test.HomePageTest" name="verifyOrangeHRMLogo" time="2.956"/>
  <testcase classname="com.orangehrm.base.Baseclass" name="@BeforeSuite loadConfig" time="0.0">
    <ignored/>
  </testcase> <!-- @BeforeSuite loadConfig -->
</testsuite> <!-- EdgeTest -->
