<?xml version="1.0" encoding="UTF-8"?>
<!-- Generated by org.testng.reporters.JUnitXMLReporter -->
<testsuite ignored="3" hostname="devika" failures="0" tests="5" name="OrangeHRM Test" time="1.212" errors="0" timestamp="2026-06-11T18:51:28 IST">
  <testcase classname="com.orangehrm.base.Baseclass" name="@BeforeMethod setup" time="-1.781184086877E9">
    <failure type="org.testng.TestNGException" message="
Parameter &amp;apos;browser&amp;apos; is required by BeforeMethod on method setup but has not been marked @Optional or defined
in C:\Users\devika al\eclipse-workspace\OrangeHRMProject\src\test\resources\testng.xml">
      <![CDATA[org.testng.TestNGException: 
Parameter 'browser' is required by BeforeMethod on method setup but has not been marked @Optional or defined
in C:\Users\devika al\eclipse-workspace\OrangeHRMProject\src\test\resources\testng.xml
at java.base/java.util.concurrent.Executors$RunnableAdapter.call(Executors.java:572)
at java.base/java.util.concurrent.FutureTask.run(FutureTask.java:317)
at java.base/java.util.concurrent.ThreadPoolExecutor.runWorker(ThreadPoolExecutor.java:1144)
at java.base/java.util.concurrent.ThreadPoolExecutor$Worker.run(ThreadPoolExecutor.java:642)
at java.base/java.lang.Thread.run(Thread.java:1583)
... Removed 14 stack frames]]>
    </failure>
  </testcase> <!-- @BeforeMethod setup -->
  <testcase classname="com.orangehrm.base.Baseclass" name="@BeforeMethod setup" time="-1.781184086877E9">
    <failure type="org.testng.TestNGException" message="
Parameter &amp;apos;browser&amp;apos; is required by BeforeMethod on method setup but has not been marked @Optional or defined
in C:\Users\devika al\eclipse-workspace\OrangeHRMProject\src\test\resources\testng.xml">
      <![CDATA[org.testng.TestNGException: 
Parameter 'browser' is required by BeforeMethod on method setup but has not been marked @Optional or defined
in C:\Users\devika al\eclipse-workspace\OrangeHRMProject\src\test\resources\testng.xml
at java.base/java.util.concurrent.Executors$RunnableAdapter.call(Executors.java:572)
at java.base/java.util.concurrent.FutureTask.run(FutureTask.java:317)
at java.base/java.util.concurrent.ThreadPoolExecutor.runWorker(ThreadPoolExecutor.java:1144)
at java.base/java.util.concurrent.ThreadPoolExecutor$Worker.run(ThreadPoolExecutor.java:642)
at java.base/java.lang.Thread.run(Thread.java:1583)
... Removed 14 stack frames]]>
    </failure>
  </testcase> <!-- @BeforeMethod setup -->
  <testcase classname="com.orangehrm.base.Baseclass" name="@AfterMethod tearDown" time="0.0">
    <skipped/>
  </testcase> <!-- @AfterMethod tearDown -->
  <testcase classname="com.orangehrm.base.Baseclass" name="@AfterMethod tearDown" time="0.0">
    <skipped/>
  </testcase> <!-- @AfterMethod tearDown -->
  <testcase classname="com.orangehrm.base.Baseclass" name="@BeforeMethod setup" time="-1.781184087702E9">
    <failure type="org.testng.TestNGException" message="
Parameter &amp;apos;browser&amp;apos; is required by BeforeMethod on method setup but has not been marked @Optional or defined
in C:\Users\devika al\eclipse-workspace\OrangeHRMProject\src\test\resources\testng.xml">
      <![CDATA[org.testng.TestNGException: 
Parameter 'browser' is required by BeforeMethod on method setup but has not been marked @Optional or defined
in C:\Users\devika al\eclipse-workspace\OrangeHRMProject\src\test\resources\testng.xml
at java.base/java.util.concurrent.Executors$RunnableAdapter.call(Executors.java:572)
at java.base/java.util.concurrent.FutureTask.run(FutureTask.java:317)
at java.base/java.util.concurrent.ThreadPoolExecutor.runWorker(ThreadPoolExecutor.java:1144)
at java.base/java.util.concurrent.ThreadPoolExecutor$Worker.run(ThreadPoolExecutor.java:642)
at java.base/java.lang.Thread.run(Thread.java:1583)
... Removed 14 stack frames]]>
    </failure>
  </testcase> <!-- @BeforeMethod setup -->
  <testcase classname="com.orangehrm.base.Baseclass" name="@BeforeMethod setup" time="-1.781184087702E9">
    <failure type="org.testng.TestNGException" message="
Parameter &amp;apos;browser&amp;apos; is required by BeforeMethod on method setup but has not been marked @Optional or defined
in C:\Users\devika al\eclipse-workspace\OrangeHRMProject\src\test\resources\testng.xml">
      <![CDATA[org.testng.TestNGException: 
Parameter 'browser' is required by BeforeMethod on method setup but has not been marked @Optional or defined
in C:\Users\devika al\eclipse-workspace\OrangeHRMProject\src\test\resources\testng.xml
at java.base/java.util.concurrent.Executors$RunnableAdapter.call(Executors.java:572)
at java.base/java.util.concurrent.FutureTask.run(FutureTask.java:317)
at java.base/java.util.concurrent.ThreadPoolExecutor.runWorker(ThreadPoolExecutor.java:1144)
at java.base/java.util.concurrent.ThreadPoolExecutor$Worker.run(ThreadPoolExecutor.java:642)
at java.base/java.lang.Thread.run(Thread.java:1583)
... Removed 14 stack frames]]>
    </failure>
  </testcase> <!-- @BeforeMethod setup -->
  <testcase classname="com.orangehrm.test.HomePageTest" name="@BeforeMethod setUp" time="0.0">
    <skipped/>
  </testcase> <!-- @BeforeMethod setUp -->
  <testcase classname="com.orangehrm.base.Baseclass" name="@AfterMethod tearDown" time="0.0">
    <skipped/>
  </testcase> <!-- @AfterMethod tearDown -->
  <testcase classname="com.orangehrm.test.LoginPageTest" name="@BeforeMethod setupPages" time="0.013">
    <failure type="java.lang.IllegalStateException" message="WebDriver is not initialized">
      <![CDATA[java.lang.IllegalStateException: WebDriver is not initialized
at com.orangehrm.base.Baseclass.getDriver(Baseclass.java:230)
at com.orangehrm.test.LoginPageTest.setupPages(LoginPageTest.java:24)
at java.base/java.util.concurrent.Executors$RunnableAdapter.call(Executors.java:572)
at java.base/java.util.concurrent.FutureTask.run(FutureTask.java:317)
at java.base/java.util.concurrent.ThreadPoolExecutor.runWorker(ThreadPoolExecutor.java:1144)
at java.base/java.util.concurrent.ThreadPoolExecutor$Worker.run(ThreadPoolExecutor.java:642)
at java.base/java.lang.Thread.run(Thread.java:1583)
... Removed 15 stack frames]]>
    </failure>
  </testcase> <!-- @BeforeMethod setupPages -->
  <testcase classname="com.orangehrm.base.Baseclass" name="@AfterMethod tearDown" time="0.0">
    <skipped/>
  </testcase> <!-- @AfterMethod tearDown -->
  <testcase classname="com.orangehrm.base.Baseclass" name="@BeforeMethod setup" time="0.0">
    <skipped/>
  </testcase> <!-- @BeforeMethod setup -->
  <testcase classname="com.orangehrm.test.LoginPageTest" name="@BeforeMethod setupPages" time="0.002">
    <failure type="java.lang.IllegalStateException" message="WebDriver is not initialized">
      <![CDATA[java.lang.IllegalStateException: WebDriver is not initialized
at com.orangehrm.base.Baseclass.getDriver(Baseclass.java:230)
at com.orangehrm.test.LoginPageTest.setupPages(LoginPageTest.java:24)
at java.base/java.util.concurrent.Executors$RunnableAdapter.call(Executors.java:572)
at java.base/java.util.concurrent.FutureTask.run(FutureTask.java:317)
at java.base/java.util.concurrent.ThreadPoolExecutor.runWorker(ThreadPoolExecutor.java:1144)
at java.base/java.util.concurrent.ThreadPoolExecutor$Worker.run(ThreadPoolExecutor.java:642)
at java.base/java.lang.Thread.run(Thread.java:1583)
... Removed 15 stack frames]]>
    </failure>
  </testcase> <!-- @BeforeMethod setupPages -->
  <testcase classname="com.orangehrm.base.Baseclass" name="@AfterMethod tearDown" time="0.0">
    <skipped/>
  </testcase> <!-- @AfterMethod tearDown -->
  <testcase classname="com.orangehrm.test.Dummyclass" name="dummytest" time="0.0">
    <skipped/>
  </testcase> <!-- dummytest -->
  <testcase classname="com.orangehrm.test.Dummyclass2" name="dummyTest2" time="0.0">
    <skipped/>
  </testcase> <!-- dummyTest2 -->
  <testcase classname="com.orangehrm.test.HomePageTest" name="verifyOrangeHRMLogo" time="0.0">
    <skipped/>
  </testcase> <!-- verifyOrangeHRMLogo -->
  <testcase classname="com.orangehrm.test.LoginPageTest" name="invalidLoginTest" time="0.0">
    <skipped/>
  </testcase> <!-- invalidLoginTest -->
  <testcase classname="com.orangehrm.test.LoginPageTest" name="verifyValidLoginTest" time="0.0">
    <skipped/>
  </testcase> <!-- verifyValidLoginTest -->
  <testcase classname="com.orangehrm.base.Baseclass" name="@BeforeSuite loadConfig" time="0.0">
    <ignored/>
  </testcase> <!-- @BeforeSuite loadConfig -->
  <testcase classname="com.orangehrm.base.Baseclass" name="@BeforeSuite loadConfig" time="0.0">
    <ignored/>
  </testcase> <!-- @BeforeSuite loadConfig -->
  <testcase classname="com.orangehrm.base.Baseclass" name="@BeforeSuite loadConfig" time="0.0">
    <ignored/>
  </testcase> <!-- @BeforeSuite loadConfig -->
</testsuite> <!-- OrangeHRM Test -->
