<?xml version="1.0" encoding="UTF-8"?>
<!-- Generated by org.testng.reporters.JUnitXMLReporter -->
<testsuite ignored="1" hostname="devika" failures="0" tests="2" name="OrangeHRmTest1" time="23.69" errors="0" timestamp="2026-06-05T20:33:23 IST">
  <testcase classname="com.orangehrm.test.Dummyclass" name="dummytest" time="0.023"/>
  <testcase classname="com.orangehrm.test.Dummyclass2" name="dummyTest2" time="0.019"/>
  <testcase classname="com.orangehrm.base.Baseclass" name="@BeforeSuite loadConfig" time="0.0">
    <ignored/>
  </testcase> <!-- @BeforeSuite loadConfig -->
</testsuite> <!-- OrangeHRmTest1 -->
