<?xml version="1.0" encoding="UTF-8"?>
<!-- Generated by org.testng.reporters.JUnitXMLReporter -->
<testsuite ignored="3" hostname="devika" failures="1" tests="5" name="OrangeHRmTest" time="91.035" errors="0" timestamp="2026-06-11T17:26:37 IST">
  <testcase classname="com.orangehrm.test.Dummyclass" name="dummytest" time="0.04">
    <skipped/>
  </testcase> <!-- dummytest -->
  <testcase classname="com.orangehrm.test.Dummyclass2" name="dummyTest2" time="0.019"/>
  <testcase classname="com.orangehrm.test.LoginPageTest" name="invalidLoginTest" time="5.299"/>
  <testcase classname="com.orangehrm.test.LoginPageTest" name="verifyValidLoginTest" time="10.842"/>
  <testcase classname="com.orangehrm.test.HomePageTest" name="verifyOrangeHRMLogo" time="28.346">
    <failure type="java.lang.AssertionError" message="OrangeHRM logo is not visible expected [true] but found [false]">
      <![CDATA[java.lang.AssertionError: OrangeHRM logo is not visible expected [true] but found [false]
at com.orangehrm.test.HomePageTest.verifyOrangeHRMLogo(HomePageTest.java:34)
at java.base/java.util.ArrayList.forEach(ArrayList.java:1596)
... Removed 28 stack frames]]>
    </failure>
  </testcase> <!-- verifyOrangeHRMLogo -->
  <testcase classname="com.orangehrm.base.Baseclass" name="@BeforeSuite loadConfig" time="0.0">
    <ignored/>
  </testcase> <!-- @BeforeSuite loadConfig -->
  <testcase classname="com.orangehrm.base.Baseclass" name="@BeforeSuite loadConfig" time="0.0">
    <ignored/>
  </testcase> <!-- @BeforeSuite loadConfig -->
  <testcase classname="com.orangehrm.base.Baseclass" name="@BeforeSuite loadConfig" time="0.0">
    <ignored/>
  </testcase> <!-- @BeforeSuite loadConfig -->
</testsuite> <!-- OrangeHRmTest -->
