<?xml version="1.0" encoding="UTF-8"?>
<testng-results ignored="0" total="1" passed="1" failed="0" skipped="0">
  <reporter-output>
  </reporter-output>
  <suite started-at="2026-06-13T09:09:30 IST" name="OrangeHRMSuite" finished-at="2026-06-13T09:09:35 IST" duration-ms="4495">
    <groups>
    </groups>
    <test started-at="2026-06-13T09:09:30 IST" name="ChromeTest" finished-at="2026-06-13T09:09:35 IST" duration-ms="4495">
      <class name="com.orangehrm.test.ApiTest">
        <test-method is-config="true" signature="setup()[pri:0, instance:com.orangehrm.test.ApiTest@40a4337a]" started-at="2026-06-13T09:09:30 IST" name="setup" finished-at="2026-06-13T09:09:31 IST" duration-ms="291" status="PASS">
          <reporter-output>
          </reporter-output>
        </test-method> <!-- setup -->
        <test-method signature="verifyGetUserAPI()[pri:0, instance:com.orangehrm.test.ApiTest@40a4337a]" started-at="2026-06-13T09:09:31 IST" name="verifyGetUserAPI" finished-at="2026-06-13T09:09:35 IST" duration-ms="3836" status="PASS">
          <reporter-output>
          </reporter-output>
        </test-method> <!-- verifyGetUserAPI -->
        <test-method is-config="true" signature="tearDown()[pri:0, instance:com.orangehrm.test.ApiTest@40a4337a]" started-at="2026-06-13T09:09:35 IST" name="tearDown" finished-at="2026-06-13T09:09:35 IST" duration-ms="323" status="PASS">
          <reporter-output>
          </reporter-output>
        </test-method> <!-- tearDown -->
      </class> <!-- com.orangehrm.test.ApiTest -->
    </test> <!-- ChromeTest -->
  </suite> <!-- OrangeHRMSuite -->
</testng-results>
