<?xml version="1.0" encoding="UTF-8"?>
<!-- Generated by org.testng.reporters.JUnitReportReporter -->
<testsuite hostname="devika" failures="0" tests="2" name="com.orangehrm.test.HomePageTest" time="30.505" errors="0" timestamp="2026-06-12T09:45:05 IST" skipped="0">
  <testcase classname="com.orangehrm.test.HomePageTest" name="verifyOrangeHRMLogo" time="14.253"/>
  <testcase classname="com.orangehrm.test.HomePageTest" name="verifyOrangeHRMLogo" time="16.252"/>
</testsuite> <!-- com.orangehrm.test.HomePageTest -->
