<?xml version="1.0" encoding="UTF-8"?>
<!-- Generated by org.testng.reporters.JUnitReportReporter -->
<testsuite hostname="devika" failures="0" tests="4" name="com.orangehrm.test.LoginPageTest" time="64.973" errors="0" timestamp="2026-06-12T09:45:05 IST" skipped="0">
  <testcase classname="com.orangehrm.test.LoginPageTest" name="invalidLoginTest" time="8.864"/>
  <testcase classname="com.orangehrm.test.LoginPageTest" name="verifyValidLoginTest" time="23.440"/>
  <testcase classname="com.orangehrm.test.LoginPageTest" name="verifyValidLoginTest" time="18.074"/>
  <testcase classname="com.orangehrm.test.LoginPageTest" name="invalidLoginTest" time="14.595"/>
</testsuite> <!-- com.orangehrm.test.LoginPageTest -->
